-------------------------------------------------------------
STREAM version $Revision: 5.10 $
-------------------------------------------------------------
This system uses 8 bytes per array element.
-------------------------------------------------------------
Array size = 52428800 (elements), Offset = 0 (elements)
Memory per array = 400.0 MiB (= 0.4 GiB).
Total memory required = 1200.0 MiB (= 1.2 GiB).
Each kernel will be executed 20 times.
 The *best* time for each kernel (excluding the first iteration)
 will be used to compute the reported bandwidth.
-------------------------------------------------------------
Your clock granularity/precision appears to be 1 microseconds.
Each test below will take on the order of 31737 microseconds.
   (= 31737 clock ticks)
Increase the size of the arrays if this shows that
you are not getting at least 20 clock ticks per test.
-------------------------------------------------------------
WARNING -- The above is only a rough guideline.
For best results, please be sure you know the
precision of your system timer.
-------------------------------------------------------------
Function    Best Rate MB/s  Avg time     Min time     Max time
Copy:           25263.1     0.033259     0.033205     0.033451
Scale:          25063.8     0.033586     0.033469     0.033752
Add:            30345.1     0.041502     0.041466     0.041547
Triad:          29010.9     0.043591     0.043373     0.043691
-------------------------------------------------------------
Solution Validates: avg error less than 1.000000e-13 on all three arrays
-------------------------------------------------------------
