-------------------------------------------------------------
STREAM version $Revision: 5.10 $
-------------------------------------------------------------
This system uses 8 bytes per array element.
-------------------------------------------------------------
Array size = 52428800 (elements), Offset = 0 (elements)
Memory per array = 400.0 MiB (= 0.4 GiB).
Total memory required = 1200.0 MiB (= 1.2 GiB).
Each kernel will be executed 20 times.
 The *best* time for each kernel (excluding the first iteration)
 will be used to compute the reported bandwidth.
-------------------------------------------------------------
Your clock granularity/precision appears to be 1 microseconds.
Each test below will take on the order of 29925 microseconds.
   (= 29925 clock ticks)
Increase the size of the arrays if this shows that
you are not getting at least 20 clock ticks per test.
-------------------------------------------------------------
WARNING -- The above is only a rough guideline.
For best results, please be sure you know the
precision of your system timer.
-------------------------------------------------------------
Function    Best Rate MB/s  Avg time     Min time     Max time
Copy:           27782.3     0.030300     0.030194     0.030438
Scale:          27394.9     0.030844     0.030621     0.031733
Add:            30700.5     0.041056     0.040986     0.041312
Triad:          29185.1     0.043564     0.043114     0.044455
-------------------------------------------------------------
Solution Validates: avg error less than 1.000000e-13 on all three arrays
-------------------------------------------------------------
