
# OSU MPI Allreduce Latency Test v5.8
# Size       Avg Latency(us)
4                       1.65
8                       1.62
16                      1.64
32                      1.62
64                      1.65
128                     1.71
256                     1.89
512                     2.17
1024                    2.61
2048                    3.01
4096                    6.08
8192                    8.60
16384                  14.14
32768                  24.60
65536                  46.23
131072                 83.59
262144                153.77
524288                297.48
1048576               622.80
2 malloc used min max 93404128.000000 95784784.000000
5 malloc used min max 93406464.000000 95786880.000000
3 malloc used min max 93405920.000000 95786304.000000
0 malloc used min max 93418704.000000 95807296.000000
1 malloc used min max 93404464.000000 95784864.000000
4 malloc used min max 93406080.000000 95786496.000000
