
# OSU MPI Allreduce Latency Test v5.8
# Size       Avg Latency(us)
4                       3.40
8                       3.51
16                      3.24
32                      5.25
64                      3.39
128                     3.46
256                     3.62
512                     4.56
1024                    4.49
2048                    6.10
4096                   10.66
8192                   14.87
16384                  20.18
32768                  31.60
65536                  64.82
131072                 94.89
262144                213.37
524288                332.57
1048576               622.23
2 malloc used min max 93486576.000000 96445152.000000
7 malloc used min max 93482832.000000 96709200.000000
6 malloc used min max 93475488.000000 98236944.000000
0 malloc used min max 93490416.000000 97992896.000000
4 malloc used min max 93487856.000000 96446464.000000
1 malloc used min max 93488160.000000 96581008.000000
5 malloc used min max 93487888.000000 96446432.000000
3 malloc used min max 93487888.000000 96446464.000000
