
# OSU MPI Allreduce Latency Test v5.8
# Size       Avg Latency(us)
4                       1.76
8                       1.71
16                      1.75
32                      1.79
64                      1.76
128                     1.83
256                     2.03
512                     2.28
1024                    2.73
2048                    3.28
4096                    5.94
8192                    8.36
16384                  13.72
32768                  23.48
65536                  42.74
131072                 77.52
262144                154.13
524288                304.73
1048576               645.50
0 malloc used min max 93625568.000000 96014160.000000
1 malloc used min max 93614912.000000 95995328.000000
2 malloc used min max 93615232.000000 95995728.000000
3 malloc used min max 93616080.000000 95996464.000000
4 malloc used min max 93616080.000000 95996496.000000
5 malloc used min max 93616080.000000 95996464.000000
