
# OSU MPI-CUDA Allreduce Latency Test v5.8
# Size       Avg Latency(us)
4                      52.59
8                      52.43
16                     52.44
32                     52.56
64                     52.51
128                    52.52
256                    52.59
512                    53.04
1024                   53.43
2048                   54.22
4096                   57.88
8192                   61.12
16384                  67.49
32768                  76.07
65536                 101.42
131072                148.85
262144                236.07
524288                424.59
1048576               832.13
5 malloc used min max 102904032.000000 102934000.000000
3 malloc used min max 102906912.000000 102936832.000000
4 malloc used min max 102905776.000000 102935888.000000
0 malloc used min max 102916672.000000 102954816.000000
2 malloc used min max 102904960.000000 102935168.000000
1 malloc used min max 102903808.000000 102933728.000000
