
# OSU MPI Allreduce Latency Test v5.8
# Size       Avg Latency(us)
4                       3.39
8                       3.49
16                      3.34
32                      3.89
64                      3.51
128                     3.70
256                     3.93
512                     4.23
1024                    4.88
2048                    5.97
4096                   10.49
8192                   13.94
16384                  20.33
32768                  31.47
65536                  61.82
131072                 78.96
262144                200.95
524288                410.56
1048576               815.86
0 malloc used min max 94427152.000000 98926992.000000
2 malloc used min max 94406816.000000 97499136.000000
1 malloc used min max 94410160.000000 97502880.000000
3 malloc used min max 94431568.000000 97390000.000000
4 malloc used min max 94409408.000000 98905648.000000
5 malloc used min max 94419232.000000 97511856.000000
6 malloc used min max 94419200.000000 97511344.000000
7 malloc used min max 94410576.000000 97368544.000000
