
# OSU MPI Allreduce Latency Test v5.8
# Size       Avg Latency(us)
4                       2.38
8                       2.29
16                      2.33
32                      2.30
64                      2.23
128                     2.33
256                     2.28
512                     2.57
1024                    3.03
2048                    3.58
4096                    7.30
8192                   10.01
16384                  15.21
32768                  24.63
65536                  43.68
131072                 77.11
262144                148.31
524288                291.57
1048576               615.69
5 malloc used min max 94140208.000000 96520416.000000
0 malloc used min max 94150576.000000 96530768.000000
1 malloc used min max 94140432.000000 96520640.000000
4 malloc used min max 94139632.000000 96519920.000000
2 malloc used min max 94139904.000000 96520240.000000
3 malloc used min max 94132080.000000 96512272.000000
