
# OSU MPI-CUDA Allreduce Latency Test v5.8
# Size       Avg Latency(us)
4                      56.90
8                      56.85
16                     57.96
32                     58.02
64                     56.92
128                    59.88
256                    58.81
512                    75.32
1024                   58.69
2048                   59.99
4096                   67.81
8192                   69.58
16384                  79.53
32768                  89.86
65536                 124.36
131072                164.70
262144                304.37
524288                566.73
1048576              1094.93
1 malloc used min max 105370720.000000 106112224.000000
7 malloc used min max 105382464.000000 105990256.000000
3 malloc used min max 105370080.000000 105977424.000000
5 malloc used min max 105382720.000000 106123904.000000
0 malloc used min max 105398672.000000 107413072.000000
4 malloc used min max 105371792.000000 107385216.000000
2 malloc used min max 105369648.000000 106110832.000000
6 malloc used min max 105373104.000000 106114400.000000
