
# OSU MPI-CUDA Allreduce Latency Test v5.8
# Size       Avg Latency(us)
4                      54.92
8                      54.84
16                     54.85
32                     54.95
64                     54.74
128                    54.75
256                    54.95
512                    57.10
1024                   56.07
2048                   56.74
4096                   79.59
8192                   64.96
16384                  71.63
32768                  80.56
65536                 106.07
131072                156.46
262144                258.72
524288                468.06
1048576               920.79
0 malloc used min max 105012416.000000 105042128.000000
2 malloc used min max 105009296.000000 105039008.000000
4 malloc used min max 105009264.000000 105038976.000000
5 malloc used min max 104968816.000000 104998528.000000
1 malloc used min max 104960672.000000 104990384.000000
3 malloc used min max 104968224.000000 104997936.000000
