stty: standard input: Inappropriate ioctl for device
stty: standard input: Inappropriate ioctl for device
STARTED: 'jsrun -r 1 -g 4 test_sierra_node -mpi -q' at Wed Jul 31 10:48:55 PDT 2019
SUCCESS: Returned 0 (all, including MPI, tests passed) at Wed Jul 31 10:49:00 PDT 2019
MANPATH=/usr/tce/packages/cuda/cuda-10.1.168/doc/man:/opt/ibm/spectrumcomputing/lsf/10.1/man:/usr/man:/usr/share/man:/usr/local/man:/usr/X11R6/man:/usr/lib64/mvapich/default/man:/opt/ibm/spectrum_mpi/jsm_pmix/share/man
LSB_EXEC_CLUSTER=lassen
LMOD_FAMILY_CUDA=cuda
LMOD_ANCIENT_TIME=3600
_ModuleTable003_=YXVsdCJdPTAsWyJmdWxsTmFtZSJdPSJzcGVjdHJ1bS1tcGkvcm9sbGluZy1yZWxlYXNlIixbImxvYWRPcmRlciJdPTIscHJvcFQ9e30sWyJzaG9ydCJdPSJzcGVjdHJ1bS1tcGkiLFsic3RhdHVzIl09ImFjdGl2ZSIsfSx4bD17WyJGTiJdPSIvdXNyL3RjZXRtcC9tb2R1bGVmaWxlcy9Db3JlL3hsLzIwMTkuMDIuMDcubHVhIixbImRlZmF1bHQiXT0xLFsiZnVsbE5hbWUiXT0ieGwvMjAxOS4wMi4wNyIsWyJsb2FkT3JkZXIiXT0xLHByb3BUPXt9LFsic2hvcnQiXT0ieGwiLFsic3RhdHVzIl09ImFjdGl2ZSIsfSx9LG1wYXRoQT17Ii91c3IvdGNlL21vZHVsZWZpbGVzL01QSS94bC8yMDE5LjAyLjA3L3NwZWN0cnVtLW1waS9yb2xsaW5nLXJlbGVhc2UiLCIvdXNyL3RjZS9tb2R1
HOSTNAME=lassen7
LSB_EFFECTIVE_RSRCREQ=1*{select[(LN) && (type == any)] order[r15s:pg] span[hosts=1]}+40*{select[(CN) && (type == any)] order[r15s:pg] span[ptile=40]}
BBHASH=ebeadb246d87f4c5530f537f6c922ccd
LSF_LOGDIR=/opt/ibm/spectrumcomputing/lsf/log
LSF_LIM_API_NTRIES=1
LSB_BATCH_JID=429033
SHELL=/bin/bash
WISECONFIGDIR=/usr/share/wise2/
HISTSIZE=1000
MODULEPATH_ROOT=/usr/share/modulefiles
LMOD_SYSTEM_DEFAULT_MODULES=StdEnv
LMOD_DEFAULT_MODULEPATH=/usr/tcetmp/modulefiles/Core:/usr/apps/modulefiles:/usr/share/modulefiles/Linux:/usr/share/modulefiles/Core:/usr/share/lmod/lmod/modulefiles/Core
TMPDIR=/var/tmp
SSH_CLIENT=128.113.130.10 44651 22
LS_EXECCWD=/g/g19/smith516/develop/osu-micro-benchmarks-5.6.1
LSB_TRAPSIGS=trap # 15 10 12 2 1
LS_JOBPID=13788
LSB_MAX_NUM_PROCESSORS=41
LSB_JOBRES_CALLBACK=58677@lassen710
LMOD_PKG=/usr/share/lmod/lmod
LSF_SERVERDIR=/opt/ibm/spectrumcomputing/lsf/10.1/linux3.10-glibc2.17-ppc64le-csm/etc
LSB_JOB_EXECUSER=smith516
LSB_JOBID=429033
QTDIR=/usr/lib64/qt-3.3
LSB_JOBRES_PID=13788
LMOD_VERSION=6.5.1
LMOD_SHORT_TIME=60
QTINC=/usr/lib64/qt-3.3/include
LSB_JOBNAME=#!/bin/bash;#BSUB -W 20;#BSUB -G ceed; check_sierra_nodes; #bin=/g/g19/smith516/develop/osu-micro-benchmarks-5.6.1/xl19-spectrum-install/libexec/osu-micro-benchmarks/mpi/pt2pt/;bin=/g/g19/smith516/develop/osu-micro-benchmarks-5.6.1/xl19-cuda101168-spectrum-install/libexec/osu-micro-benchmarks/mpi/pt2pt/; module swap cuda cuda/10.1.168; env; rsph=2;[[ ${CWS_NODES} = 2 ]] && echo foo && rsph=1; set -x;jsrArgs="--tasks_per_rs 1 --nrs 2 --gpu_per_rs 1 --cpu_per_rs 1";mpiArgs="--smpiargs='-gpu'";binArgs="-d cuda";out=nodes${CWS_NODES}_DD_CPUCPU_$LSB_JOBID;jsrun $jsrArgs $mpiArgs --latency_priority gpu-gpu --erf_output ${out}.erf \;  $bin/osu_latency $binArgs D D &> ${out}.out;out=nodes${CWS_NODES}_DD_GPUCPU_$LSB_JOBID;jsrun $jsrArgs $mpiArgs --latency_priority gpu-cpu --erf_output ${out}.erf \;  $bin/osu_latency $binArgs D D &> ${out}.out;#jsrun $jsrArgs $mpiArgs $bin/osu_latency $binArgs H D &> nodes${CWS_NODES}_HD_$LSB_JOBID.out;#jsrun $jsrArgs $mpiArgs $bin/osu_latency $binArgs D H &> nodes${CWS_NODES}_DH_$LSB_JOBID.out;#jsrun $jsrArgs $mpiArgs $bin/osu_latency $binArgs H H &> nodes${CWS_NODES}_HH_$LSB_JOBID.out;set +x
SSH_TTY=/dev/pts/10
LC_ALL=C
BSUB_BLOCK_EXEC_HOST=
LSF_LIBDIR=/opt/ibm/spectrumcomputing/lsf/10.1/linux3.10-glibc2.17-ppc64le-csm/lib
QT_GRAPHICSSYSTEM_CHECKED=1
LSB_PROJECT_NAME=default
OPAL_PREFIX=/usr/tce/packages/spectrum-mpi/ibm/spectrum-mpi-rolling-release
HISTFILESIZE=4194304
CUDA_HOME=/usr/tce/packages/cuda/cuda-10.1.168
USER=smith516
LS_COLORS=rs=0:di=01;34:ln=01;36:mh=00:pi=40;33:so=01;35:do=01;35:bd=40;33;01:cd=40;33;01:or=40;31;01:mi=01;05;37;41:su=37;41:sg=30;43:ca=30;41:tw=30;42:ow=34;42:st=37;44:ex=01;32:*.tar=01;31:*.tgz=01;31:*.arc=01;31:*.arj=01;31:*.taz=01;31:*.lha=01;31:*.lz4=01;31:*.lzh=01;31:*.lzma=01;31:*.tlz=01;31:*.txz=01;31:*.tzo=01;31:*.t7z=01;31:*.zip=01;31:*.z=01;31:*.Z=01;31:*.dz=01;31:*.gz=01;31:*.lrz=01;31:*.lz=01;31:*.lzo=01;31:*.xz=01;31:*.bz2=01;31:*.bz=01;31:*.tbz=01;31:*.tbz2=01;31:*.tz=01;31:*.deb=01;31:*.rpm=01;31:*.jar=01;31:*.war=01;31:*.ear=01;31:*.sar=01;31:*.rar=01;31:*.alz=01;31:*.ace=01;31:*.zoo=01;31:*.cpio=01;31:*.7z=01;31:*.rz=01;31:*.cab=01;31:*.jpg=01;35:*.jpeg=01;35:*.gif=01;35:*.bmp=01;35:*.pbm=01;35:*.pgm=01;35:*.ppm=01;35:*.tga=01;35:*.xbm=01;35:*.xpm=01;35:*.tif=01;35:*.tiff=01;35:*.png=01;35:*.svg=01;35:*.svgz=01;35:*.mng=01;35:*.pcx=01;35:*.mov=01;35:*.mpg=01;35:*.mpeg=01;35:*.m2v=01;35:*.mkv=01;35:*.webm=01;35:*.ogm=01;35:*.mp4=01;35:*.m4v=01;35:*.mp4v=01;35:*.vob=01;35:*.qt=01;35:*.nuv=01;35:*.wmv=01;35:*.asf=01;35:*.rm=01;35:*.rmvb=01;35:*.flc=01;35:*.avi=01;35:*.fli=01;35:*.flv=01;35:*.gl=01;35:*.dl=01;35:*.xcf=01;35:*.xwd=01;35:*.yuv=01;35:*.cgm=01;35:*.emf=01;35:*.axv=01;35:*.anx=01;35:*.ogv=01;35:*.ogx=01;35:*.aac=01;36:*.au=01;36:*.flac=01;36:*.mid=01;36:*.midi=01;36:*.mka=01;36:*.mp3=01;36:*.mpc=01;36:*.ogg=01;36:*.ra=01;36:*.wav=01;36:*.axa=01;36:*.oga=01;36:*.spx=01;36:*.xspf=01;36:
LMOD_sys=Linux
LD_LIBRARY_PATH=/usr/tce/packages/cuda/cuda-10.1.168/lib64:/opt/ibm/spectrumcomputing/lsf/10.1/linux3.10-glibc2.17-ppc64le-csm/lib
SBD_KRB5CCNAME_VAL=
LSB_EEXEC_REAL_UID=
PFTP_CONFIG_FILENAME=/etc/pftp_config
ENV=/g/g19/smith516/.bashrc
_ModuleTable004_=bGVmaWxlcy9Db21waWxlci94bC8yMDE5LjAyLjA3IiwiL3Vzci90Y2V0bXAvbW9kdWxlZmlsZXMvQ29yZSIsIi91c3IvYXBwcy9tb2R1bGVmaWxlcyIsIi91c3Ivc2hhcmUvbW9kdWxlZmlsZXMvTGludXgiLCIvdXNyL3NoYXJlL21vZHVsZWZpbGVzL0NvcmUiLCIvdXNyL3NoYXJlL2xtb2QvbG1vZC9tb2R1bGVmaWxlcy9Db3JlIiwiL2NvbGxhYi91c3IvZ2xvYmFsL3Rvb2xzL21vZHVsZWZpbGVzL2JsdWVvc18zX3BwYzY0bGVfaWJfcDkvQ29yZSIsfSxbInN5c3RlbUJhc2VNUEFUSCJdPSIvdXNyL3RjZXRtcC9tb2R1bGVmaWxlcy9Db3JlOi91c3IvYXBwcy9tb2R1bGVmaWxlczovdXNyL3NoYXJlL21vZHVsZWZpbGVzL0xpbnV4Oi91c3Ivc2hhcmUvbW9kdWxlZmlsZXMvQ29y
HOST_GRP=linux
HOSTTYPE=LINUXPPC64LE
LSF_INVOKE_CMD=bsub
LS_EXEC_T=START
LS_SUBCWD=/g/g19/smith516/develop/osu-micro-benchmarks-5.6.1
LSB_SUB_RES_REQ=1*{select[LN]span[hosts=1]} + 40*{select[CN]span[ptile=40]}
TMUX=/tmp/tmux-25395/default,104139,0
LSB_UNIXGROUP_INT=smith516
LSB_HOSTS=lassen710 lassen7 lassen7 lassen7 lassen7 lassen7 lassen7 lassen7 lassen7 lassen7 lassen7 lassen7 lassen7 lassen7 lassen7 lassen7 lassen7 lassen7 lassen7 lassen7 lassen7 lassen7 lassen7 lassen7 lassen7 lassen7 lassen7 lassen7 lassen7 lassen7 lassen7 lassen7 lassen7 lassen7 lassen7 lassen7 lassen7 lassen7 lassen7 lassen7 lassen7
LMOD_PREPEND_BLOCK=normal
LSB_JOBFILENAME=/g/g19/smith516/.lsbatch/1564595331.429033
NLSPATH=/usr/tce/packages/xl/xl-2019.02.07/msg/%L/%N:/usr/tce/packages/xl/xl-2019.02.07/xlC/16.1.1/msg/%L/%N:/usr/tce/packages/xl/xl-2019.02.07/xlf/16.1.1/msg/%L/%N
LSB_JOBINDEX=0
_ModuleTable001_=X01vZHVsZVRhYmxlXz17WyJhY3RpdmVTaXplIl09NCxiYXNlTXBhdGhBPXsiL3Vzci90Y2V0bXAvbW9kdWxlZmlsZXMvQ29yZSIsIi91c3IvYXBwcy9tb2R1bGVmaWxlcyIsIi91c3Ivc2hhcmUvbW9kdWxlZmlsZXMvTGludXgiLCIvdXNyL3NoYXJlL21vZHVsZWZpbGVzL0NvcmUiLCIvdXNyL3NoYXJlL2xtb2QvbG1vZC9tb2R1bGVmaWxlcy9Db3JlIix9LFsiY19yZWJ1aWxkVGltZSJdPWZhbHNlLFsiY19zaG9ydFRpbWUiXT1mYWxzZSxmYW1pbHk9e1siY29tcGlsZXIiXT0ieGwiLFsiY3VkYSJdPSJjdWRhIixbIm1waSJdPSJzcGVjdHJ1bS1tcGkiLH0saW5hY3RpdmU9e30sbVQ9e1N0ZEVudj17WyJGTiJdPSIvdXNyL3RjZXRtcC9tb2R1bGVmaWxlcy9Db3JlL1N0ZEVudi5s
PATH=/usr/tce/packages/cuda/cuda-10.1.168/bin:/usr/tce/packages/spectrum-mpi/spectrum-mpi-rolling-release-xl-2019.02.07/bin:/usr/tce/packages/xl/xl-2019.02.07/bin:/usr/tcetmp/bin:/usr/lib64/qt-3.3/bin:/opt/ibm/spectrumcomputing/lsf/10.1/linux3.10-glibc2.17-ppc64le-csm/etc:/opt/ibm/spectrumcomputing/lsf/10.1/linux3.10-glibc2.17-ppc64le-csm/bin:/usr/local/bin:/usr/bin:/usr/local/sbin:/usr/sbin:/opt/ibm/spectrum_mpi/jsm_pmix/bin:/opt/ibm/bb/bin:/opt/ibm/flightlog/bin:/opt/ibutils/bin:/g/g19/smith516/bin:/g/g19/smith516/bin
MAIL=/var/spool/mail/smith516
LCSCHEDCLUSTER=lassen
LSB_EXIT_PRE_ABORT=99
WORK=/usr/workspace/wsb/smith516
LSB_JOBEXIT_STAT=0
LMOD_SETTARG_CMD=:
PWD=/g/g19/smith516/develop/osu-micro-benchmarks-5.6.1
_LMFILES_=/usr/tcetmp/modulefiles/Core/xl/2019.02.07.lua:/usr/tce/modulefiles/Compiler/xl/2019.02.07/spectrum-mpi/rolling-release.lua:/usr/tcetmp/modulefiles/Core/StdEnv.lua:/usr/tcetmp/modulefiles/Core/cuda/10.1.168.lua
LSB_BJOBS_FORMAT=id:- user:-8 user_group:- queue:- nexec_host:- stat: start_time: run_time: finish_time: priority: exec_host:32
EDITOR=/bin/vi
LANG=en_US.UTF-8
MODULEPATH=/usr/tce/modulefiles/MPI/xl/2019.02.07/spectrum-mpi/rolling-release:/usr/tce/modulefiles/Compiler/xl/2019.02.07:/usr/tcetmp/modulefiles/Core:/usr/apps/modulefiles:/usr/share/modulefiles/Linux:/usr/share/modulefiles/Core:/usr/share/lmod/lmod/modulefiles/Core:/collab/usr/global/tools/modulefiles/blueos_3_ppc64le_ib_p9/Core
LSB_CHKFILENAME=/g/g19/smith516/.lsbatch/1564595331.429033
LSB_DJOB_HOSTFILE=/g/g19/smith516/.lsbatch/1564595331.429033.hostfile
LOADEDMODULES=xl/2019.02.07:spectrum-mpi/rolling-release:StdEnv:cuda/10.1.168
_ModuleTable_Sz_=5
KDEDIRS=/usr
LSB_JOB_STARTER=/usr/tcetmp/bin/bsub_job_starter %USRCMD
TMUX_PANE=%1
LSF_JOB_TIMESTAMP_VALUE=1564595333
LMOD_CMD=/usr/share/lmod/lmod/libexec/lmod
_ModuleTable005_=ZTovdXNyL3NoYXJlL2xtb2QvbG1vZC9tb2R1bGVmaWxlcy9Db3JlIixbInZlcnNpb24iXT0yLH0=
BBPATH=/mnt/bb_ebeadb246d87f4c5530f537f6c922ccd
LSF_BINDIR=/opt/ibm/spectrumcomputing/lsf/10.1/linux3.10-glibc2.17-ppc64le-csm/bin
LSB_EXEC_HOSTTYPE=UNKNOWN_AUTO_DETECT
LSB_DJOB_NUMPROC=41
KRB5CCNAME=FILE:/tmp/krb5cc_25395_JQ7zcz
SSH_ASKPASS=/usr/libexec/openssh/gnome-ssh-askpass
HISTCONTROL=ignoredups
ENVIRONMENT=BATCH
HOME=/g/g19/smith516
SHLVL=6
TACC_FAMILY_COMPILER=xl
JOB_TERMINATE_INTERVAL=10
LSB_ACCT_FILE=/tmp/429033.tmpdir/.1564595331.429033.acct
_ModuleTable002_=dWEiLFsiZGVmYXVsdCJdPTAsWyJmdWxsTmFtZSJdPSJTdGRFbnYiLFsibG9hZE9yZGVyIl09Myxwcm9wVD17fSxbInNob3J0Il09IlN0ZEVudiIsWyJzdGF0dXMiXT0iYWN0aXZlIix9LGN1ZGE9e1siRk4iXT0iL3Vzci90Y2V0bXAvbW9kdWxlZmlsZXMvQ29yZS9jdWRhLzEwLjEuMTY4Lmx1YSIsWyJkZWZhdWx0Il09MCxbImZ1bGxOYW1lIl09ImN1ZGEvMTAuMS4xNjgiLFsibG9hZE9yZGVyIl09NCxwcm9wVD17fSxbInNob3J0Il09ImN1ZGEiLFsic3RhdHVzIl09ImFjdGl2ZSIsfSxbInNwZWN0cnVtLW1waSJdPXtbIkZOIl09Ii91c3IvdGNlL21vZHVsZWZpbGVzL0NvbXBpbGVyL3hsLzIwMTkuMDIuMDcvc3BlY3RydW0tbXBpL3JvbGxpbmctcmVsZWFzZS5sdWEiLFsiZGVm
CSM_ALLOCATION_ID=406778
BINARY_TYPE_HPC=
LSB_SUB_HOST=lassen709
LSFUSER=smith516
LSB_SUB_USER=smith516
__LSF_JOB_TMPDIR__=/tmp/429033.tmpdir
LSB_QUEUE=pdebug
LSB_OUTPUTFILE=/g/g19/smith516/develop/osu-micro-benchmarks-5.6.1/
LSB_OUTDIR=/g/g19/smith516/develop/osu-micro-benchmarks-5.6.1
LSB_MCPU_HOSTS=lassen710 1 lassen7 40 
LMOD_arch=ppc64le
TACC_FAMILY_MPI=spectrum-mpi
MPI_ROOT=/usr/tce/packages/spectrum-mpi/ibm/spectrum-mpi-rolling-release
LOGNAME=smith516
TMP=/var/tmp
QTLIB=/usr/lib64/qt-3.3/lib
CVS_RSH=ssh
XLSF_UIDDIR=/opt/ibm/spectrumcomputing/lsf/10.1/linux3.10-glibc2.17-ppc64le-csm/lib/uid
XDG_DATA_DIRS=/g/g19/smith516/.local/share/flatpak/exports/share/:/var/lib/flatpak/exports/share/:/usr/local/share/:/usr/share/
SSH_CONNECTION=128.113.130.10 44651 134.9.39.39 22
SYS_TYPE=blueos_3_ppc64le_ib_p9
MODULESHOME=/usr/share/lmod/lmod
LSF_CGROUP_TOPDIR_KEY=lassen
LESSOPEN=||/usr/bin/lesspipe.sh %s
LSB_XFER_OP=
LMOD_FULL_SETTARG_SUPPORT=no
LMOD_FAMILY_COMPILER=xl
LSB_EEXEC_REAL_GID=
QT_PLUGIN_PATH=/usr/lib64/kde4/plugins:/usr/lib/kde4/plugins
CWS_NODES=1
LSF_ENVDIR=/opt/ibm/spectrumcomputing/lsf/conf
LMOD_DIR=/usr/share/lmod/lmod/libexec
TACC_FAMILY_CUDA=cuda
LSB_DJOB_RANKFILE=/g/g19/smith516/.lsbatch/1564595331.429033.hostfile
LMOD_FAMILY_MPI=spectrum-mpi
LMOD_COLORIZE=yes
HISTFILE=/g/g19/smith516/.bash_history
SCRATCH=/p/lscratchv/smith516/
BASH_FUNC_module()=() {  eval $($LMOD_CMD bash "$@");
 [ $? = 0 ] && eval $(${LMOD_SETTARG_CMD:-:} -s sh)
}
BASH_FUNC_ml()=() {  eval $($LMOD_DIR/ml_cmd "$@")
}
_=/usr/bin/env
+ jsrArgs='--tasks_per_rs 1 --nrs 2 --gpu_per_rs 1 --cpu_per_rs 1'
+ mpiArgs='--smpiargs='\''-gpu'\'''
+ binArgs='-d cuda'
+ out=nodes1_DD_CPUCPU_429033
+ jsrun --tasks_per_rs 1 --nrs 2 --gpu_per_rs 1 --cpu_per_rs 1 '--smpiargs='\''-gpu'\''' --latency_priority gpu-gpu --erf_output nodes1_DD_CPUCPU_429033.erf /g/g19/smith516/develop/osu-micro-benchmarks-5.6.1/xl19-cuda101168-spectrum-install/libexec/osu-micro-benchmarks/mpi/pt2pt//osu_latency -d cuda D D
+ out=nodes1_DD_GPUCPU_429033
+ jsrun --tasks_per_rs 1 --nrs 2 --gpu_per_rs 1 --cpu_per_rs 1 '--smpiargs='\''-gpu'\''' --latency_priority gpu-cpu --erf_output nodes1_DD_GPUCPU_429033.erf /g/g19/smith516/develop/osu-micro-benchmarks-5.6.1/xl19-cuda101168-spectrum-install/libexec/osu-micro-benchmarks/mpi/pt2pt//osu_latency -d cuda D D
+ set +x

------------------------------------------------------------
Sender: LSF System <lsfadmin@lassen710>
Subject: Job 429033: <#!/bin/bash;#BSUB -W 20;#BSUB -G ceed; check_sierra_nodes; #bin=/g/g19/smith516/develop/osu-micro-benchmarks-5.6.1/xl19-spectrum-install/libexec/osu-micro-benchmarks/mpi/pt2pt/;bin=/g/g19/smith516/develop/osu-micro-benchmarks-5.6.1/xl19-cuda101168-spectrum-install/libexec/osu-micro-benchmarks/mpi/pt2pt/; module swap cuda cuda/10.1.168; env; rsph=2;[[ ${CWS_NODES} = 2 ]] && echo foo && rsph=1; set -x;jsrArgs="--tasks_per_rs 1 --nrs 2 --gpu_per_rs 1 --cpu_per_rs 1";mpiArgs="--smpiargs='-gpu'";binArgs="-d cuda";out=nodes${CWS_NODES}_DD_CPUCPU_$LSB_JOBID;jsrun $jsrArgs $mpiArgs --latency_priority gpu-gpu --erf_output ${out}.erf \;  $bin/osu_latency $binArgs D D &> ${out}.out;out=nodes${CWS_NODES}_DD_GPUCPU_$LSB_JOBID;jsrun $jsrArgs $mpiArgs --latency_priority gpu-cpu --erf_output ${out}.erf \;  $bin/osu_latency $binArgs D D &> ${out}.out;#jsrun $jsrArgs $mpiArgs $bin/osu_latency $binArgs H D &> nodes${CWS_NODES}_HD_$LSB_JOBID.out;#jsrun $jsrArgs $mpiArgs $bin/osu_latency $binArgs D H &> nodes${CWS_NODES}_DH_$LSB_JOBID.out;#jsrun $jsrArgs $mpiArgs $bin/osu_latency $binArgs H H &> nodes${CWS_NODES}_HH_$LSB_JOBID.out;set +x> in cluster <lassen> Done

Job <#!/bin/bash;#BSUB -W 20;#BSUB -G ceed; check_sierra_nodes; #bin=/g/g19/smith516/develop/osu-micro-benchmarks-5.6.1/xl19-spectrum-install/libexec/osu-micro-benchmarks/mpi/pt2pt/;bin=/g/g19/smith516/develop/osu-micro-benchmarks-5.6.1/xl19-cuda101168-spectrum-install/libexec/osu-micro-benchmarks/mpi/pt2pt/; module swap cuda cuda/10.1.168; env; rsph=2;[[ ${CWS_NODES} = 2 ]] && echo foo && rsph=1; set -x;jsrArgs="--tasks_per_rs 1 --nrs 2 --gpu_per_rs 1 --cpu_per_rs 1";mpiArgs="--smpiargs='-gpu'";binArgs="-d cuda";out=nodes${CWS_NODES}_DD_CPUCPU_$LSB_JOBID;jsrun $jsrArgs $mpiArgs --latency_priority gpu-gpu --erf_output ${out}.erf \;  $bin/osu_latency $binArgs D D &> ${out}.out;out=nodes${CWS_NODES}_DD_GPUCPU_$LSB_JOBID;jsrun $jsrArgs $mpiArgs --latency_priority gpu-cpu --erf_output ${out}.erf \;  $bin/osu_latency $binArgs D D &> ${out}.out;#jsrun $jsrArgs $mpiArgs $bin/osu_latency $binArgs H D &> nodes${CWS_NODES}_HD_$LSB_JOBID.out;#jsrun $jsrArgs $mpiArgs $bin/osu_latency $binArgs D H &> nodes${CWS_NODES}_DH_$LSB_JOBID.out;#jsrun $jsrArgs $mpiArgs $bin/osu_latency $binArgs H H &> nodes${CWS_NODES}_HH_$LSB_JOBID.out;set +x> was submitted from host <lassen709> by user <smith516> in cluster <lassen> at Wed Jul 31 10:48:51 2019
Job was executed on host(s) <1*lassen710>, in queue <pdebug>, as user <smith516> in cluster <lassen> at Wed Jul 31 10:48:53 2019
                            <40*lassen7>
</g/g19/smith516> was used as the home directory.
</g/g19/smith516/develop/osu-micro-benchmarks-5.6.1> was used as the working directory.
Started at Wed Jul 31 10:48:53 2019
Terminated at Wed Jul 31 10:49:14 2019
Results reported at Wed Jul 31 10:49:14 2019

Your job looked like:

------------------------------------------------------------
# LSBATCH: User input
#!/bin/bash
#BSUB -W 20
#BSUB -G ceed

check_sierra_nodes

#bin=/g/g19/smith516/develop/osu-micro-benchmarks-5.6.1/xl19-spectrum-install/libexec/osu-micro-benchmarks/mpi/pt2pt/
bin=/g/g19/smith516/develop/osu-micro-benchmarks-5.6.1/xl19-cuda101168-spectrum-install/libexec/osu-micro-benchmarks/mpi/pt2pt/

module swap cuda cuda/10.1.168

env

rsph=2
[[ ${CWS_NODES} = 2 ]] && echo foo && rsph=1

set -x
jsrArgs="--tasks_per_rs 1 --nrs 2 --gpu_per_rs 1 --cpu_per_rs 1"
mpiArgs="--smpiargs='-gpu'"
binArgs="-d cuda"
out=nodes${CWS_NODES}_DD_CPUCPU_$LSB_JOBID
jsrun $jsrArgs $mpiArgs --latency_priority gpu-gpu --erf_output ${out}.erf \
  $bin/osu_latency $binArgs D D &> ${out}.out
out=nodes${CWS_NODES}_DD_GPUCPU_$LSB_JOBID
jsrun $jsrArgs $mpiArgs --latency_priority gpu-cpu --erf_output ${out}.erf \
  $bin/osu_latency $binArgs D D &> ${out}.out
#jsrun $jsrArgs $mpiArgs $bin/osu_latency $binArgs H D &> nodes${CWS_NODES}_HD_$LSB_JOBID.out
#jsrun $jsrArgs $mpiArgs $bin/osu_latency $binArgs D H &> nodes${CWS_NODES}_DH_$LSB_JOBID.out
#jsrun $jsrArgs $mpiArgs $bin/osu_latency $binArgs H H &> nodes${CWS_NODES}_HH_$LSB_JOBID.out
set +x

------------------------------------------------------------

Successfully completed.

Resource usage summary:

    CPU time :                                   0.24 sec.
    Max Memory :                                 -
    Average Memory :                             -
    Total Requested Memory :                     -
    Delta Memory :                               -
    Max Swap :                                   -
    Max Processes :                              -
    Max Threads :                                -
    Run time :                                   21 sec.
    Turnaround time :                            23 sec.

The output (if any) is above this job summary.

