
# OSU MPI Allreduce Latency Test v5.8
# Size       Avg Latency(us)
4                       3.58
8                       3.56
16                      3.41
32                      3.92
64                      3.52
128                     3.66
256                     3.95
512                     4.21
1024                    4.84
2048                    5.95
4096                   10.45
8192                   13.93
16384                  20.44
32768                  31.54
65536                  63.73
131072                 78.82
262144                191.35
524288                405.86
1048576               807.05
0 malloc used min max 95359440.000000 99858384.000000
2 malloc used min max 95338960.000000 98431360.000000
1 malloc used min max 95340208.000000 98432528.000000
3 malloc used min max 95339632.000000 98298352.000000
4 malloc used min max 95334720.000000 99831216.000000
6 malloc used min max 95351856.000000 98444368.000000
7 malloc used min max 95353072.000000 98311520.000000
5 malloc used min max 95360912.000000 98453296.000000
