
# OSU MPI Allreduce Latency Test v5.8
# Size       Avg Latency(us)
4                       2.47
8                       2.49
16                      2.41
32                      2.40
64                      2.44
128                     2.35
256                     2.57
512                     2.89
1024                    3.24
2048                    3.67
4096                    7.59
8192                   10.35
16384                  15.61
32768                  24.87
65536                  44.72
131072                 79.56
262144                154.15
524288                306.58
1048576               648.22
0 malloc used min max 94940208.000000 97320592.000000
5 malloc used min max 94955344.000000 97335744.000000
1 malloc used min max 94929056.000000 97309456.000000
2 malloc used min max 94938384.000000 97318800.000000
3 malloc used min max 94955136.000000 97335520.000000
4 malloc used min max 94937728.000000 97318176.000000
