
# OSU MPI-CUDA Allreduce Latency Test v5.8
# Size       Avg Latency(us)
4                      54.68
8                      54.67
16                     54.55
32                     54.55
64                     54.49
128                    54.44
256                    54.69
512                    55.16
1024                   55.76
2048                   79.03
4096                   61.15
8192                   64.92
16384                  71.99
32768                  80.74
65536                 105.89
131072                156.95
262144                259.61
524288                469.90
1048576               919.35
5 malloc used min max 106234912.000000 106264832.000000
1 malloc used min max 106234720.000000 106264640.000000
3 malloc used min max 106234912.000000 106264832.000000
2 malloc used min max 106233200.000000 106263120.000000
0 malloc used min max 106245440.000000 106275360.000000
4 malloc used min max 106243152.000000 106273072.000000
